1661332377519	geckodriver	INFO	Listening on 127.0.0.1:49620
1661332380584	mozrunner::runner	INFO	Running command: "C:\\Program Files\\Mozilla Firefox\\firefox.exe" "--marionette" "--remote-debugging-port" "49621" "--remote-allow-hosts" "localhost" "-no-remote" "-profile" "C:\\Users\\PC\\AppData\\Local\\Temp\\rust_mozprofileNZzue1"
1661332381088	Marionette	INFO	Marionette enabled
1661332381095	Marionette	INFO	Listening on port 49631
WebDriver BiDi listening on ws://localhost:49621
Read port: 49631
1661332381262	RemoteAgent	WARN	TLS certificate errors will be ignored for this session
console.warn: SearchSettings: "get: No settings file exists, new profile?" (new NotFoundError("Could not open the file at C:\\Users\\PC\\AppData\\Local\\Temp\\rust_mozprofileNZzue1\\search.json.mozlz4", (void 0)))
DevTools listening on ws://localhost:49621/devtools/browser/97e0db72-3231-422b-ba9d-55e541746a66
JavaScript error: http://selenium1py.pythonanywhere.com/en-gb/, line 758: ReferenceError: oscar is not defined
JavaScript error: http://selenium1py.pythonanywhere.com/en-gb/accounts/login/, line 624: ReferenceError: oscar is not defined
1661332388319	Marionette	INFO	Stopped listening on port 49631
1661332924522	geckodriver	INFO	Listening on 127.0.0.1:50085
1661332927579	mozrunner::runner	INFO	Running command: "C:\\Program Files\\Mozilla Firefox\\firefox.exe" "--marionette" "--remote-debugging-port" "50086" "--remote-allow-hosts" "localhost" "-no-remote" "-profile" "C:\\Users\\PC\\AppData\\Local\\Temp\\rust_mozprofiley2WwgI"
1661332928712	Marionette	INFO	Marionette enabled
1661332928718	Marionette	INFO	Listening on port 50097
WebDriver BiDi listening on ws://localhost:50086
Read port: 50097
1661332928899	RemoteAgent	WARN	TLS certificate errors will be ignored for this session
console.warn: SearchSettings: "get: No settings file exists, new profile?" (new NotFoundError("Could not open the file at C:\\Users\\PC\\AppData\\Local\\Temp\\rust_mozprofiley2WwgI\\search.json.mozlz4", (void 0)))
DevTools listening on ws://localhost:50086/devtools/browser/67e3d9e3-4e13-4a07-ae6f-0db8971215d6
JavaScript error: http://selenium1py.pythonanywhere.com/es/, line 374: ReferenceError: oscar is not defined
JavaScript error: http://selenium1py.pythonanywhere.com/es/accounts/login/, line 624: ReferenceError: oscar is not defined
1661332936205	Marionette	INFO	Stopped listening on port 50097
